<?xml version="1.0" encoding="UTF-8"?>
<!-- Generated by org.testng.reporters.JUnitReportReporter -->
<testsuite skipped="0" hostname="Lenovo" name="DemoTestNG.demo2" tests="2" failures="0" timestamp="2020-09-20T13:08:55 IST" time="0.173" errors="0">
  <testcase name="testcase3" time="0.062" classname="DemoTestNG.demo2"/>
  <system-out/>
  <testcase name="testcase2" time="0.111" classname="DemoTestNG.demo2"/>
  <system-out/>
</testsuite> <!-- DemoTestNG.demo2 -->
