<?xml version="1.0" encoding="UTF-8"?>
<!-- Generated by org.testng.reporters.JUnitReportReporter -->
<testsuite skipped="0" hostname="Lenovo" name="DemoTestNG.demo1" tests="1" failures="0" timestamp="2020-09-20T13:08:55 IST" time="0.052" errors="0">
  <testcase name="testcase1" time="0.052" classname="DemoTestNG.demo1"/>
  <system-out/>
</testsuite> <!-- DemoTestNG.demo1 -->
